<?xml version="1.0" encoding="UTF-8"?>
<testng-results ignored="0" total="1" passed="1" failed="0" skipped="0">
  <reporter-output>
  </reporter-output>
  <suite started-at="2023-02-08T15:18:22 IST" name="driverFactory.AppTest" finished-at="2023-02-08T15:19:40 IST" duration-ms="78116">
    <groups>
    </groups>
    <test started-at="2023-02-08T15:18:22 IST" name="Command line test" finished-at="2023-02-08T15:19:40 IST" duration-ms="78116">
      <class name="driverFactory.AppTest">
        <test-method signature="kickStrat()[pri:0, instance:driverFactory.AppTest@1623b78d]" started-at="2023-02-08T15:18:22 IST" name="kickStrat" finished-at="2023-02-08T15:19:40 IST" duration-ms="78059" status="PASS">
          <reporter-output>
          </reporter-output>
        </test-method> <!-- kickStrat -->
      </class> <!-- driverFactory.AppTest -->
    </test> <!-- Command line test -->
  </suite> <!-- driverFactory.AppTest -->
</testng-results>
